-- west build: making build dir C:\_ddm\zephyr\zephyr-course\zephyr-course\app_l5_task\app2_hello_world\build pristine
-- west build: generating a build system
Loading Zephyr default modules (Zephyr base).
-- Application: C:/_ddm/zephyr/zephyr-course/zephyr-course/app_l5_task/app2_hello_world
-- CMake version: 4.2.3
-- Found Python3: C:/Users/nxf78260/AppData/Local/Programs/Python/Python313/python.exe (found suitable version "3.13.7", minimum required is "3.10") found components: Interpreter
-- Cache files will be written to: C:/_ddm/zephyr/zephyr-course/deps/zephyr/.cache
-- Zephyr version: 4.2.0 (C:/_ddm/zephyr/zephyr-course/deps/zephyr)
-- Found west (found suitable version "1.5.0", minimum required is "0.14.0")
-- Board: my_board, qualifiers: lpc55s16
-- ZEPHYR_TOOLCHAIN_VARIANT not set, trying to locate Zephyr SDK
-- Found host-tools: zephyr 0.17.4 (C:/Users/nxf78260/zephyr-sdk-0.17.4)
-- Found toolchain: zephyr 0.17.4 (C:/Users/nxf78260/zephyr-sdk-0.17.4)
-- Found Dtc: C:/ProgramData/chocolatey/bin/dtc.exe (found suitable version "1.6.1", minimum required is "1.4.6")
-- Found BOARD.dts: C:/_ddm/zephyr/zephyr-course/zephyr-course/app_l5_task/boards/my_board/my_board.dts
-- Generated zephyr.dts: C:/_ddm/zephyr/zephyr-course/zephyr-course/app_l5_task/app2_hello_world/build/zephyr/zephyr.dts
-- Generated pickled edt: C:/_ddm/zephyr/zephyr-course/zephyr-course/app_l5_task/app2_hello_world/build/zephyr/edt.pickle
-- Generated devicetree_generated.h: C:/_ddm/zephyr/zephyr-course/zephyr-course/app_l5_task/app2_hello_world/build/zephyr/include/generated/zephyr/devicetree_generated.h
Parsing C:/_ddm/zephyr/zephyr-course/zephyr-course/app_l5_task/app2_hello_world/Kconfig
Loaded configuration 'C:/_ddm/zephyr/zephyr-course/zephyr-course/app_l5_task/boards/my_board/my_board_defconfig'
Merged configuration 'C:/_ddm/zephyr/zephyr-course/zephyr-course/app_l5_task/app2_hello_world/prj.conf'
Configuration saved to 'C:/_ddm/zephyr/zephyr-course/zephyr-course/app_l5_task/app2_hello_world/build/zephyr/.config'
Kconfig header saved to 'C:/_ddm/zephyr/zephyr-course/zephyr-course/app_l5_task/app2_hello_world/build/zephyr/include/generated/zephyr/autoconf.h'
-- Found GnuLd: c:/users/nxf78260/zephyr-sdk-0.17.4/arm-zephyr-eabi/arm-zephyr-eabi/bin/ld.bfd.exe (found version "2.38")
-- The C compiler identification is GNU 12.2.0
-- The CXX compiler identification is GNU 12.2.0
-- The ASM compiler identification is GNU
-- Found assembler: C:/Users/nxf78260/zephyr-sdk-0.17.4/arm-zephyr-eabi/bin/arm-zephyr-eabi-gcc.exe
-- Looking for device LPC55S16 in C:/_ddm/zephyr/zephyr-course/deps/modules/hal/nxp/mcux/mcux-sdk-ng/devices/
-- Found device folder: C:/_ddm/zephyr/zephyr-course/deps/modules/hal/nxp/mcux/mcux-sdk-ng/devices/LPC/LPC5500/LPC55S16
-- Found gen_kobject_list: C:/_ddm/zephyr/zephyr-course/deps/zephyr/scripts/build/gen_kobject_list.py
-- Configuring done (14.2s)
-- Generating done (9.5s)
-- Build files have been written to: C:/_ddm/zephyr/zephyr-course/zephyr-course/app_l5_task/app2_hello_world/build
-- west build: building application
[1/145] Generating include/generated/zephyr/version.h
-- Zephyr version: 4.2.0 (C:/_ddm/zephyr/zephyr-course/deps/zephyr), build: v4.2.0
[2/145] Generating misc/generated/syscalls.json, misc/generated/struct_tags.json
[3/145] Generating include/generated/device-api-sections.ld, include/generated/device-api-sections.cmake
[4/145] Generating include/generated/zephyr/syscall_dispatch.c, include/generated/zephyr/syscall_exports_llext.c, syscall_weakdefs_llext.c, include/generated/zephyr/syscall_list.h
[5/145] Generating include/generated/zephyr/kobj-types-enum.h, include/generated/zephyr/otype-to-str.h, include/generated/zephyr/otype-to-size.h
[6/145] Generating include/generated/zephyr/driver-validation.h
[7/145] Building C object zephyr/CMakeFiles/offsets.dir/arch/arm/core/offsets/offsets.c.obj
[8/145] Generating include/generated/zephyr/offsets.h
[9/145] Building C object zephyr/CMakeFiles/zephyr.dir/lib/utils/last_section_id.c.obj
[10/145] Building C object CMakeFiles/app.dir/src/main.c.obj
[11/145] Building C object zephyr/arch/common/CMakeFiles/isr_tables.dir/isr_tables.c.obj
[12/145] Building C object zephyr/CMakeFiles/zephyr.dir/lib/os/reboot.c.obj
[13/145] Building C object zephyr/CMakeFiles/zephyr.dir/lib/utils/hex.c.obj
[14/145] Building C object zephyr/CMakeFiles/zephyr.dir/lib/utils/dec.c.obj
[15/145] Building C object zephyr/CMakeFiles/zephyr.dir/lib/os/assert.c.obj
[16/145] Building C object zephyr/CMakeFiles/zephyr.dir/lib/os/cbprintf_packaged.c.obj
[17/145] Building C object zephyr/CMakeFiles/zephyr.dir/lib/os/clock.c.obj
[18/145] Building C object zephyr/CMakeFiles/zephyr.dir/lib/heap/heap.c.obj
[19/145] Building C object zephyr/CMakeFiles/zephyr.dir/lib/utils/ring_buffer.c.obj
[20/145] Building C object zephyr/CMakeFiles/zephyr.dir/lib/utils/bitarray.c.obj
[21/145] Building C object zephyr/CMakeFiles/zephyr.dir/lib/os/thread_entry.c.obj
[22/145] Building C object zephyr/CMakeFiles/zephyr.dir/lib/utils/timeutil.c.obj
[23/145] Building C object zephyr/CMakeFiles/zephyr.dir/misc/generated/configs.c.obj
[24/145] Building C object zephyr/CMakeFiles/zephyr.dir/lib/os/sem.c.obj
[25/145] Building C object zephyr/CMakeFiles/zephyr.dir/lib/os/printk.c.obj
[26/145] Building C object zephyr/CMakeFiles/zephyr.dir/lib/utils/rb.c.obj
[27/145] Building C object zephyr/CMakeFiles/zephyr.dir/lib/os/cbprintf_complete.c.obj
[28/145] Building ASM object zephyr/arch/arch/arm/core/CMakeFiles/arch__arm__core.dir/nmi_on_reset.S.obj
[29/145] Building ASM object zephyr/arch/arch/arm/core/cortex_m/CMakeFiles/arch__arm__core__cortex_m.dir/fault_s.S.obj
[30/145] Building C object zephyr/arch/common/CMakeFiles/arch__common.dir/sw_isr_common.c.obj
[31/145] Building C object zephyr/arch/arch/arm/core/CMakeFiles/arch__arm__core.dir/fatal.c.obj
[32/145] Building C object zephyr/arch/arch/arm/core/cortex_m/CMakeFiles/arch__arm__core__cortex_m.dir/fpu.c.obj
[33/145] Building C object zephyr/CMakeFiles/zephyr.dir/subsys/tracing/tracing_none.c.obj
[34/145] Building C object zephyr/arch/arch/arm/core/cortex_m/CMakeFiles/arch__arm__core__cortex_m.dir/exc_exit.c.obj
[35/145] Building ASM object zephyr/arch/arch/arm/core/cortex_m/CMakeFiles/arch__arm__core__cortex_m.dir/reset.S.obj
[36/145] Building C object zephyr/arch/arch/arm/core/CMakeFiles/arch__arm__core.dir/tls.c.obj
[37/145] Building C object zephyr/arch/arch/arm/core/CMakeFiles/arch__arm__core.dir/nmi.c.obj
[38/145] Building ASM object zephyr/arch/arch/arm/core/cortex_m/CMakeFiles/arch__arm__core__cortex_m.dir/vector_table.S.obj
[39/145] Building C object zephyr/arch/arch/arm/core/cortex_m/CMakeFiles/arch__arm__core__cortex_m.dir/thread_abort.c.obj
[40/145] Building C object zephyr/arch/arch/arm/core/cortex_m/CMakeFiles/arch__arm__core__cortex_m.dir/scb.c.obj
[41/145] Generating linker_zephyr_pre0.cmd
[42/145] Building ASM object zephyr/arch/arch/arm/core/cortex_m/CMakeFiles/arch__arm__core__cortex_m.dir/swap_helper.S.obj
[43/145] Linking C static library zephyr\arch\common\libisr_tables.a
[44/145] Building C object zephyr/CMakeFiles/zephyr.dir/subsys/mem_mgmt/mem_attr.c.obj
[45/145] Building C object zephyr/arch/arch/arm/core/cortex_m/CMakeFiles/arch__arm__core__cortex_m.dir/irq_manage.c.obj
[46/145] Building ASM object zephyr/arch/arch/arm/core/cortex_m/CMakeFiles/arch__arm__core__cortex_m.dir/__aeabi_read_tp.S.obj
[47/145] Building C object zephyr/arch/arch/arm/core/cortex_m/CMakeFiles/arch__arm__core__cortex_m.dir/fault.c.obj
[48/145] Building C object zephyr/arch/arch/arm/core/cortex_m/CMakeFiles/arch__arm__core__cortex_m.dir/prep_c.c.obj
[49/145] Building C object zephyr/arch/arch/arm/core/cortex_m/CMakeFiles/arch__arm__core__cortex_m.dir/irq_init.c.obj
[50/145] Building C object zephyr/arch/arch/arm/core/cortex_m/CMakeFiles/arch__arm__core__cortex_m.dir/cpu_idle.c.obj
[51/145] Building C object zephyr/arch/arch/arm/core/cortex_m/CMakeFiles/arch__arm__core__cortex_m.dir/thread.c.obj
[52/145] Building C object zephyr/arch/arch/arm/core/cortex_m/CMakeFiles/arch__arm__core__cortex_m.dir/isr_wrapper.c.obj
[53/145] Building C object zephyr/arch/arch/arm/core/mpu/CMakeFiles/arch__arm__core__mpu.dir/arm_mpu_regions.c.obj
[54/145] Building C object zephyr/arch/arch/arm/core/cortex_m/cmse/CMakeFiles/arch__arm__core__cortex_m__cmse.dir/arm_core_cmse.c.obj
[55/145] Building C object zephyr/arch/arch/arm/core/mpu/CMakeFiles/arch__arm__core__mpu.dir/arm_core_mpu.c.obj
[56/145] Building C object zephyr/lib/libc/picolibc/CMakeFiles/lib__libc__picolibc.dir/cbprintf.c.obj
[57/145] Building C object zephyr/lib/libc/common/CMakeFiles/lib__libc__common.dir/source/time/time.c.obj
[58/145] Building C object zephyr/lib/libc/picolibc/CMakeFiles/lib__libc__picolibc.dir/exit.c.obj
[59/145] Building C object zephyr/lib/libc/picolibc/CMakeFiles/lib__libc__picolibc.dir/stdio.c.obj
[60/145] Building C object zephyr/lib/libc/common/CMakeFiles/lib__libc__common.dir/source/stdlib/abort.c.obj
[61/145] Building C object zephyr/lib/libc/picolibc/CMakeFiles/lib__libc__picolibc.dir/locks.c.obj
[62/145] Building C object zephyr/lib/libc/picolibc/CMakeFiles/lib__libc__picolibc.dir/chk_fail.c.obj
[63/145] Building C object zephyr/lib/libc/picolibc/CMakeFiles/lib__libc__picolibc.dir/assert.c.obj
[64/145] Building C object zephyr/arch/arch/arm/core/mpu/CMakeFiles/arch__arm__core__mpu.dir/arm_mpu.c.obj
[65/145] Building C object zephyr/lib/libc/picolibc/CMakeFiles/lib__libc__picolibc.dir/errno_wrap.c.obj
[66/145] Building C object zephyr/drivers/console/CMakeFiles/drivers__console.dir/uart_console.c.obj
[67/145] Building C object zephyr/lib/libc/common/CMakeFiles/lib__libc__common.dir/source/stdlib/malloc.c.obj
[68/145] Building C object zephyr/drivers/clock_control/CMakeFiles/drivers__clock_control.dir/clock_control_mcux_syscon.c.obj
[69/145] Building C object zephyr/soc/soc/lpc55s16/lpc55xxx/CMakeFiles/soc__nxp__lpc__lpc55xxx.dir/soc.c.obj
[70/145] Building C object zephyr/boards/boards/arm/my_board/CMakeFiles/..__..__zephyr-course__app_l5_task__boards__my_board.dir/board.c.obj
[71/145] Building C object zephyr/drivers/interrupt_controller/CMakeFiles/drivers__interrupt_controller.dir/intc_nxp_pint.c.obj
[72/145] Building C object zephyr/drivers/pinctrl/CMakeFiles/drivers__pinctrl.dir/common.c.obj
[73/145] Building C object zephyr/drivers/gpio/CMakeFiles/drivers__gpio.dir/gpio_mcux_lpc.c.obj
[74/145] Building C object zephyr/drivers/pinctrl/CMakeFiles/drivers__pinctrl.dir/pinctrl_lpc_iocon.c.obj
[75/145] Building C object modules/hal_nxp/CMakeFiles/modules__hal_nxp.dir/C_/_ddm/zephyr/zephyr-course/deps/modules/hal/nxp/mcux/mcux-sdk-ng/drivers/common/fsl_common.c.obj
[76/145] Building C object modules/hal_nxp/CMakeFiles/modules__hal_nxp.dir/C_/_ddm/zephyr/zephyr-course/deps/modules/hal/nxp/mcux/mcux-sdk-ng/drivers/inputmux/fsl_inputmux.c.obj
[77/145] Building C object modules/hal_nxp/CMakeFiles/modules__hal_nxp.dir/C_/_ddm/zephyr/zephyr-course/deps/modules/hal/nxp/mcux/mcux-sdk-ng/drivers/common/fsl_common_arm.c.obj
[78/145] Building C object zephyr/drivers/serial/CMakeFiles/drivers__serial.dir/uart_mcux_flexcomm.c.obj
[79/145] Building C object modules/hal_nxp/CMakeFiles/modules__hal_nxp.dir/C_/_ddm/zephyr/zephyr-course/deps/modules/hal/nxp/mcux/mcux-sdk-ng/drivers/flexcomm/fsl_flexcomm.c.obj
[80/145] Building C object modules/hal_nxp/CMakeFiles/modules__hal_nxp.dir/C_/_ddm/zephyr/zephyr-course/deps/modules/hal/nxp/mcux/mcux-sdk-ng/drivers/lpc_gpio/fsl_gpio.c.obj
[81/145] Building C object zephyr/drivers/timer/CMakeFiles/drivers__timer.dir/sys_clock_init.c.obj
[82/145] Building C object zephyr/drivers/timer/CMakeFiles/drivers__timer.dir/cortex_m_systick.c.obj
[83/145] Building C object modules/hal_nxp/CMakeFiles/modules__hal_nxp.dir/C_/_ddm/zephyr/zephyr-course/deps/modules/hal/nxp/mcux/mcux-sdk-ng/drivers/flexcomm/usart/fsl_usart.c.obj
[84/145] Building C object modules/hal_nxp/CMakeFiles/modules__hal_nxp.dir/C_/_ddm/zephyr/zephyr-course/deps/modules/hal/nxp/mcux/mcux-sdk-ng/drivers/pint/fsl_pint.c.obj
[85/145] Building C object modules/hal_nxp/CMakeFiles/modules__hal_nxp.dir/C_/_ddm/zephyr/zephyr-course/deps/modules/hal/nxp/mcux/mcux-sdk-ng/devices/LPC/LPC5500/LPC55S16/system_LPC55S16.c.obj
[86/145] Building C object modules/hal_nxp/CMakeFiles/modules__hal_nxp.dir/C_/_ddm/zephyr/zephyr-course/deps/modules/hal/nxp/mcux/mcux-sdk-ng/devices/LPC/LPC5500/LPC55S16/drivers/fsl_reset.c.obj
[87/145] Building C object zephyr/kernel/CMakeFiles/kernel.dir/device.c.obj
[88/145] Building C object modules/hal_nxp/CMakeFiles/modules__hal_nxp.dir/C_/_ddm/zephyr/zephyr-course/deps/modules/hal/nxp/mcux/mcux-sdk-ng/devices/LPC/LPC5500/LPC55S16/drivers/fsl_power.c.obj
[89/145] Building C object zephyr/kernel/CMakeFiles/kernel.dir/busy_wait.c.obj
[90/145] Building C object zephyr/kernel/CMakeFiles/kernel.dir/banner.c.obj
[91/145] Building C object modules/hal_nxp/CMakeFiles/modules__hal_nxp.dir/C_/_ddm/zephyr/zephyr-course/deps/modules/hal/nxp/mcux/mcux-sdk-ng/devices/LPC/LPC5500/LPC55S16/drivers/fsl_clock.c.obj
[92/145] Building C object zephyr/kernel/CMakeFiles/kernel.dir/errno.c.obj
[93/145] Building C object zephyr/kernel/CMakeFiles/kernel.dir/main_weak.c.obj
[94/145] Building C object zephyr/kernel/CMakeFiles/kernel.dir/version.c.obj
[95/145] Building C object zephyr/kernel/CMakeFiles/kernel.dir/idle.c.obj
[96/145] Building C object zephyr/kernel/CMakeFiles/kernel.dir/kheap.c.obj
[97/145] Building C object zephyr/kernel/CMakeFiles/kernel.dir/init.c.obj
[98/145] Building C object zephyr/kernel/CMakeFiles/kernel.dir/mem_slab.c.obj
[99/145] Building C object zephyr/kernel/CMakeFiles/kernel.dir/float.c.obj
[100/145] Building C object zephyr/kernel/CMakeFiles/kernel.dir/fatal.c.obj
[101/145] Building C object zephyr/kernel/CMakeFiles/kernel.dir/msg_q.c.obj
[102/145] Building C object zephyr/kernel/CMakeFiles/kernel.dir/system_work_q.c.obj
[103/145] Building C object zephyr/kernel/CMakeFiles/kernel.dir/mailbox.c.obj
[104/145] Building C object zephyr/kernel/CMakeFiles/kernel.dir/mutex.c.obj
[105/145] Building C object zephyr/kernel/CMakeFiles/kernel.dir/queue.c.obj
[106/145] Building C object zephyr/kernel/CMakeFiles/kernel.dir/stack.c.obj
[107/145] Building C object zephyr/kernel/CMakeFiles/kernel.dir/sem.c.obj
[108/145] Building C object zephyr/kernel/CMakeFiles/kernel.dir/condvar.c.obj
[109/145] Building C object zephyr/kernel/CMakeFiles/kernel.dir/work.c.obj
[110/145] Building C object zephyr/kernel/CMakeFiles/kernel.dir/thread.c.obj
[111/145] Building C object zephyr/kernel/CMakeFiles/kernel.dir/pipe.c.obj
[112/145] Building C object zephyr/kernel/CMakeFiles/kernel.dir/timeslicing.c.obj
[113/145] Building C object zephyr/CMakeFiles/zephyr_pre0.dir/misc/empty_file.c.obj
[114/145] Building C object zephyr/kernel/CMakeFiles/kernel.dir/xip.c.obj
[115/145] Building C object zephyr/kernel/CMakeFiles/kernel.dir/sched.c.obj
[116/145] Linking C static library app\libapp.a
[117/145] Building C object zephyr/kernel/CMakeFiles/kernel.dir/timeout.c.obj
[118/145] Building C object zephyr/kernel/CMakeFiles/kernel.dir/dynamic_disabled.c.obj
[119/145] Building C object zephyr/kernel/CMakeFiles/kernel.dir/timer.c.obj
[120/145] Building C object zephyr/kernel/CMakeFiles/kernel.dir/mempool.c.obj
[121/145] Linking C static library zephyr\arch\arch\arm\core\cortex_m\cmse\libarch__arm__core__cortex_m__cmse.a
[122/145] Linking C static library zephyr\arch\arch\arm\core\mpu\libarch__arm__core__mpu.a
[123/145] Linking C static library zephyr\arch\common\libarch__common.a
[124/145] Linking C static library zephyr\lib\libc\common\liblib__libc__common.a
[125/145] Linking C static library zephyr\arch\arch\arm\core\libarch__arm__core.a
[126/145] Linking C static library zephyr\soc\soc\lpc55s16\lpc55xxx\libsoc__nxp__lpc__lpc55xxx.a
[127/145] Linking C static library zephyr\drivers\console\libdrivers__console.a
[128/145] Linking C static library zephyr\drivers\gpio\libdrivers__gpio.a
[129/145] Linking C static library zephyr\lib\libc\picolibc\liblib__libc__picolibc.a
[130/145] Linking C static library zephyr\drivers\interrupt_controller\libdrivers__interrupt_controller.a
[131/145] Linking C static library zephyr\arch\arch\arm\core\cortex_m\libarch__arm__core__cortex_m.a
[132/145] Linking C static library zephyr\boards\boards\arm\my_board\lib..__..__zephyr-course__app_l5_task__boards__my_board.a
[133/145] Linking C static library zephyr\drivers\pinctrl\libdrivers__pinctrl.a
[134/145] Linking C static library zephyr\drivers\clock_control\libdrivers__clock_control.a
[135/145] Linking C static library zephyr\drivers\serial\libdrivers__serial.a
[136/145] Linking C static library zephyr\libzephyr.a
[137/145] Linking C static library zephyr\drivers\timer\libdrivers__timer.a
[138/145] Linking C static library modules\hal_nxp\libmodules__hal_nxp.a
[139/145] Linking C static library zephyr\kernel\libkernel.a
[140/145] Linking C executable zephyr\zephyr_pre0.elf; Logical command for additional byproducts on target: zephyr_pre0
[141/145] Generating linker.cmd
[142/145] Generating isr_tables.c, isr_tables_vt.ld, isr_tables_swi.ld
[143/145] Building C object zephyr/CMakeFiles/zephyr_final.dir/misc/empty_file.c.obj
[144/145] Building C object zephyr/CMakeFiles/zephyr_final.dir/isr_tables.c.obj
[145/145] Linking C executable zephyr\zephyr.elf
Memory region         Used Size  Region Size  %age Used
           FLASH:       16008 B       246 KB      6.35%
             RAM:        4232 B        64 KB      6.46%
           SRAMX:          0 GB        16 KB      0.00%
           SRAM0:          0 GB        64 KB      0.00%
           SRAM1:          0 GB        16 KB      0.00%
           SRAM2:          0 GB        16 KB      0.00%
        USB_SRAM:          0 GB        16 KB      0.00%
        IDT_LIST:          0 GB        32 KB      0.00%
Generating files from C:/_ddm/zephyr/zephyr-course/zephyr-course/app_l5_task/app2_hello_world/build/zephyr/zephyr.elf for board: my_board
